<?xml version="1.0" encoding="UTF-8"?>
<!-- Generated by org.testng.reporters.JUnitXMLReporter -->
<testsuite ignored="1" hostname="DESKTOP-BTQORJ3" failures="0" tests="1" name="Default test" time="41.909" errors="0" timestamp="2024-02-28T13:41:16 EST">
  <testcase classname="RSEcommerceSelenium.tests.ErrorValidations" name="productValidations" time="35.636"/>
  <testcase classname="RSEcommerceSelenium.tests.ErrorValidations" name="ValidateSubmitOrders" time="0.0">
    <ignored/>
  </testcase> <!-- ValidateSubmitOrders -->
</testsuite> <!-- Default test -->
