<?xml version="1.0" encoding="UTF-8"?>
<testng-results ignored="0" total="0" passed="0" failed="0" skipped="0">
  <reporter-output>
  </reporter-output>
  <suite started-at="2023-10-15T18:07:46 EDT" name="Suite" finished-at="2023-10-15T18:07:46 EDT" duration-ms="0">
    <groups>
      <group name="ErrorHandling">
        <method signature="ErrorValidations.ValidateSubmitOrders()[pri:0, instance:RSEcommerceSelenium.tests.ErrorValidations@21a21c64]" name="ValidateSubmitOrders" class="RSEcommerceSelenium.tests.ErrorValidations"/>
      </group> <!-- ErrorHandling -->
      <group name="Purchase">
        <method signature="submitOrderTest.submitOrders(java.util.HashMap)[pri:0, instance:RSEcommerceSelenium.tests.submitOrderTest@34c01041]" name="submitOrders" class="RSEcommerceSelenium.tests.submitOrderTest"/>
      </group> <!-- Purchase -->
    </groups>
  </suite> <!-- Suite -->
</testng-results>
