<?xml version="1.0" encoding="UTF-8"?>
<testng-results ignored="1" total="2" passed="1" failed="0" skipped="0">
  <reporter-output>
  </reporter-output>
  <suite started-at="2024-02-28T13:40:34 EST" name="Default suite" finished-at="2024-02-28T13:41:16 EST" duration-ms="41909">
    <groups>
    </groups>
    <test started-at="2024-02-28T13:40:34 EST" name="Default test" finished-at="2024-02-28T13:41:16 EST" duration-ms="41909">
      <class name="RSEcommerceSelenium.tests.ErrorValidations">
        <test-method is-config="true" signature="launchApplication()[pri:0, instance:RSEcommerceSelenium.tests.ErrorValidations@2034b64c]" started-at="2024-02-28T13:40:34 EST" name="launchApplication" finished-at="2024-02-28T13:40:40 EST" duration-ms="6099" status="PASS">
          <reporter-output>
          </reporter-output>
        </test-method> <!-- launchApplication -->
        <test-method signature="productValidations()[pri:0, instance:RSEcommerceSelenium.tests.ErrorValidations@2034b64c]" started-at="2024-02-28T13:40:40 EST" name="productValidations" finished-at="2024-02-28T13:41:16 EST" duration-ms="35636" status="PASS">
          <reporter-output>
          </reporter-output>
        </test-method> <!-- productValidations -->
        <test-method is-config="true" signature="tearDown()[pri:0, instance:RSEcommerceSelenium.tests.ErrorValidations@2034b64c]" started-at="2024-02-28T13:41:16 EST" name="tearDown" finished-at="2024-02-28T13:41:16 EST" duration-ms="118" status="PASS">
          <reporter-output>
          </reporter-output>
        </test-method> <!-- tearDown -->
      </class> <!-- RSEcommerceSelenium.tests.ErrorValidations -->
    </test> <!-- Default test -->
  </suite> <!-- Default suite -->
</testng-results>
